\BOOKMARK [0][-]{chapter*.2}{\376\377\000W\000s\000t\001\031\000p}{}% 1
\BOOKMARK [0][-]{chapter.1}{\376\377\000O\000m\000\363\000w\000i\000e\000n\000i\000e\000\040\000g\000r\000a\000f\000o\000w\000y\000c\000h\000\040\000b\000a\000z\000\040\000d\000a\000n\000y\000c\000h}{}% 2
\BOOKMARK [1][-]{section.1.1}{\376\377\000W\000s\000t\001\031\000p\000\040\000d\000o\000\040\000g\000r\000a\000f\000o\000w\000y\000c\000h\000\040\000b\000a\000z\000\040\000d\000a\000n\000y\000c\000h}{chapter.1}% 3
\BOOKMARK [2][-]{subsection.1.1.1}{\376\377\000P\000o\000d\000e\000j\001\133\000c\000i\000e\000\040\000g\000r\000a\000f\000o\000w\000e\000\040\000a\000\040\000p\000o\000d\000e\000j\001\133\000c\000i\000e\000\040\000r\000e\000l\000a\000c\000y\000j\000n\000e}{section.1.1}% 4
\BOOKMARK [2][-]{subsection.1.1.2}{\376\377\000C\000e\000c\000h\000y\000\040\000g\000r\000a\000f\000o\000w\000y\000c\000h\000\040\000b\000a\000z\000\040\000d\000a\000n\000y\000c\000h}{section.1.1}% 5
\BOOKMARK [1][-]{section.1.2}{\376\377\000P\000o\000d\000s\000t\000a\000w\000o\000w\000e\000\040\000p\000o\000j\001\031\000c\000i\000a\000\040\000i\000\040\000t\000e\000r\000m\000i\000n\000o\000l\000o\000g\000i\000a\000\040\000z\000w\000i\001\005\000z\000a\000n\000a\000\040\000z\000\040\000g\000r\000a\000f\000a\000m\000i}{chapter.1}% 6
\BOOKMARK [2][-]{subsection.1.2.1}{\376\377\000W\000i\000e\000r\000z\000c\000h\000o\001\102\000k\000i}{section.1.2}% 7
\BOOKMARK [2][-]{subsection.1.2.2}{\376\377\000K\000r\000a\000w\001\031\000d\000z\000i\000e}{section.1.2}% 8
\BOOKMARK [2][-]{subsection.1.2.3}{\376\377\000A\000t\000r\000y\000b\000u\000t\000y}{section.1.2}% 9
\BOOKMARK [1][-]{section.1.3}{\376\377\000S\000t\000r\000u\000k\000t\000u\000r\000a\000\040\000i\000\040\000m\000o\000d\000e\000l\000\040\000d\000a\000n\000y\000c\000h}{chapter.1}% 10
\BOOKMARK [2][-]{subsection.1.3.1}{\376\377\000H\000i\000p\000e\000r\000g\000r\000a\000f}{section.1.3}% 11
\BOOKMARK [2][-]{subsection.1.3.2}{\376\377\000G\000r\000a\000f\000\040\000w\001\102\000a\001\133\000c\000i\000w\000o\001\133\000c\000i}{section.1.3}% 12
\BOOKMARK [2][-]{subsection.1.3.3}{\376\377\000T\000r\000\363\000j\000k\000i\000\040\000R\000D\000F}{section.1.3}% 13
\BOOKMARK [1][-]{section.1.4}{\376\377\000J\001\031\000z\000y\000k\000i\000\040\000z\000a\000p\000y\000t\000a\001\104\000\040\000i\000\040\000m\000o\000d\000y\000f\000i\000k\000a\000c\000j\000i\000\040\000d\000o\000\040\000g\000r\000a\000f\000o\000w\000y\000c\000h\000\040\000b\000a\000z\000\040\000d\000a\000n\000y\000c\000h}{chapter.1}% 14
\BOOKMARK [2][-]{subsection.1.4.1}{\376\377\000C\000y\000p\000h\000e\000r}{section.1.4}% 15
\BOOKMARK [2][-]{subsection.1.4.2}{\376\377\000P\000G\000Q\000L}{section.1.4}% 16
\BOOKMARK [2][-]{subsection.1.4.3}{\376\377\000G\000-\000C\000O\000R\000E}{section.1.4}% 17
\BOOKMARK [2][-]{subsection.1.4.4}{\376\377\000G\000Q\000L}{section.1.4}% 18
\BOOKMARK [2][-]{subsection.1.4.5}{\376\377\000G\000r\000e\000m\000l\000i\000n}{section.1.4}% 19
\BOOKMARK [2][-]{subsection.1.4.6}{\376\377\000S\000P\000A\000R\000Q\000L}{section.1.4}% 20
\BOOKMARK [2][-]{subsection.1.4.7}{\376\377\000G\000S\000Q\000L}{section.1.4}% 21
\BOOKMARK [1][-]{section.1.5}{\376\377\000P\000r\000z\000e\000g\000l\001\005\000d\000\040\000g\000r\000a\000f\000o\000w\000y\000c\000h\000\040\000b\000a\000z\000\040\000d\000a\000n\000y\000c\000h}{chapter.1}% 22
\BOOKMARK [0][-]{chapter.2}{\376\377\000T\000e\000o\000r\000i\000a\000\040\000j\001\031\000z\000y\000k\000\363\000w\000\040\000f\000o\000r\000m\000a\000l\000n\000y\000c\000h\000\040\000i\000\040\000d\000e\000f\000i\000n\000i\000o\000w\000a\000n\000i\000e\000\040\000g\000r\000a\000m\000a\000t\000y\000k}{}% 23
\BOOKMARK [1][-]{section.2.1}{\376\377\000T\000y\000p\000y\000\040\000j\001\031\000z\000y\000k\000\363\000w\000\040\000f\000o\000r\000m\000a\000l\000n\000y\000c\000h}{chapter.2}% 24
\BOOKMARK [2][-]{subsection.2.1.1}{\376\377\000J\001\031\000z\000y\000k\000i\000\040\000r\000e\000g\000u\000l\000a\000r\000n\000e}{section.2.1}% 25
\BOOKMARK [2][-]{subsection.2.1.2}{\376\377\000J\001\031\000z\000y\000k\000i\000\040\000b\000e\000z\000k\000o\000n\000t\000e\000k\000s\000t\000o\000w\000e}{section.2.1}% 26
\BOOKMARK [2][-]{subsection.2.1.3}{\376\377\000J\001\031\000z\000y\000k\000i\000\040\000k\000o\000n\000t\000e\000k\000s\000t\000o\000w\000e}{section.2.1}% 27
\BOOKMARK [2][-]{subsection.2.1.4}{\376\377\000J\001\031\000z\000y\000k\000i\000\040\000r\000e\000k\000u\000r\000e\000n\000c\000y\000j\000n\000i\000e\000\040\000p\000r\000z\000e\000l\000i\000c\000z\000a\000l\000n\000e}{section.2.1}% 28
\BOOKMARK [1][-]{section.2.2}{\376\377\000P\000r\000o\000c\000e\000s\000\040\000a\000n\000a\000l\000i\000z\000y\000\040\000l\000e\000k\000s\000y\000k\000a\000l\000n\000e\000j\000\040\000i\000\040\000s\000k\001\102\000a\000d\000n\000i\000o\000w\000e\000j}{chapter.2}% 29
\BOOKMARK [2][-]{subsection.2.2.1}{\376\377\000L\000e\000k\000s\000e\000r}{section.2.2}% 30
\BOOKMARK [2][-]{subsection.2.2.2}{\376\377\000P\000a\000r\000s\000e\000r}{section.2.2}% 31
\BOOKMARK [1][-]{section.2.3}{\376\377\000P\000r\000z\000e\000g\000l\001\005\000d\000\040\000n\000a\000r\000z\001\031\000d\000z\000i\000\040\000i\000\040\000n\000o\000t\000a\000c\000j\000i\000\040\000d\000o\000\040\000d\000e\000f\000i\000n\000i\000o\000w\000a\000n\000i\000a\000\040\000g\000r\000a\000m\000a\000t\000y\000k}{chapter.2}% 32
\BOOKMARK [2][-]{subsection.2.3.1}{\376\377\000B\000N\000F}{section.2.3}% 33
\BOOKMARK [2][-]{subsection.2.3.2}{\376\377\000E\000B\000N\000F}{section.2.3}% 34
\BOOKMARK [2][-]{subsection.2.3.3}{\376\377\000A\000B\000N\000F}{section.2.3}% 35
\BOOKMARK [2][-]{subsection.2.3.4}{\376\377\000A\000N\000T\000L\000R}{section.2.3}% 36
\BOOKMARK [2][-]{subsection.2.3.5}{\376\377\000P\000o\000r\000\363\000w\000n\000a\000n\000i\000e\000\040\000e\000l\000e\000m\000e\000n\000t\000\363\000w\000\040\000s\000y\000n\000t\000a\000k\000t\000y\000c\000z\000n\000y\000c\000h\000\040\000n\000o\000t\000a\000c\000j\000i}{section.2.3}% 37
\BOOKMARK [0][-]{chapter.3}{\376\377\000I\000m\000p\000l\000e\000m\000e\000n\000t\000a\000c\000j\000a}{}% 38
\BOOKMARK [1][-]{section.3.1}{\376\377\000W\000y\000k\000o\000r\000z\000y\000s\000t\000a\000n\000e\000\040\000t\000e\000c\000h\000n\000o\000l\000o\000g\000i\000e}{chapter.3}% 39
\BOOKMARK [1][-]{section.3.2}{\376\377\000O\000m\000\363\000w\000i\000e\000n\000i\000e\000\040\000z\000a\000i\000m\000p\000l\000e\000m\000e\000n\000t\000o\000w\000a\000n\000e\000j\000\040\000a\000p\000l\000i\000k\000a\000c\000j\000i}{chapter.3}% 40
\BOOKMARK [1][-]{section.3.3}{\376\377\000W\000e\000r\000y\000f\000i\000k\000a\000c\000j\000a\000\040\000w\000y\000d\000a\000j\000n\000o\001\133\000c\000i\000\040\000i\000\040\000t\000e\000s\000t\000y}{chapter.3}% 41
\BOOKMARK [0][-]{chapter*.52}{\376\377\000P\000o\000d\000s\000u\000m\000o\000w\000a\000n\000i\000e}{}% 42
\BOOKMARK [0][-]{chapter*.52}{\376\377\000B\000i\000b\000l\000i\000o\000g\000r\000a\000f\000i\000a}{}% 43
